<?xml version="1.0" encoding="UTF-8"?>
<!-- Generated by org.testng.reporters.JUnitXMLReporter -->
<testsuite hostname="foysols-MacBook-Pro.local" ignored="0" name="Command line test" tests="2" failures="0" timestamp="22 Oct 2019 22:09:02 GMT" time="0.046" errors="0">
  <testcase name="@BeforeMethod setupDriver" time="0.0" classname="base.CommonAPI">
    <failure type="org.testng.TestNGException" message="
Parameter &amp;apos;platform&amp;apos; is required by BeforeMethod on method setupDriver but has not been marked @Optional or defined
">
      <![CDATA[org.testng.TestNGException: 
Parameter 'platform' is required by BeforeMethod on method setupDriver but has not been marked @Optional or defined

... Removed 35 stack frames]]>
    </failure>
  </testcase> <!-- @BeforeMethod setupDriver -->
  <testcase name="@BeforeMethod startExtent" time="0.0" classname="base.CommonAPI">
    <skipped/>
  </testcase> <!-- @BeforeMethod startExtent -->
  <testcase name="@AfterMethod afterEachTestMethod" time="0.0" classname="base.CommonAPI">
    <skipped/>
  </testcase> <!-- @AfterMethod afterEachTestMethod -->
  <testcase name="@AfterMethod cleanUp" time="0.0" classname="base.CommonAPI">
    <skipped/>
  </testcase> <!-- @AfterMethod cleanUp -->
  <testcase name="@BeforeMethod setupDriver" time="0.0" classname="base.CommonAPI">
    <skipped/>
  </testcase> <!-- @BeforeMethod setupDriver -->
  <testcase name="@BeforeMethod startExtent" time="0.0" classname="base.CommonAPI">
    <skipped/>
  </testcase> <!-- @BeforeMethod startExtent -->
  <testcase name="@AfterMethod afterEachTestMethod" time="0.0" classname="base.CommonAPI">
    <skipped/>
  </testcase> <!-- @AfterMethod afterEachTestMethod -->
  <testcase name="@AfterMethod cleanUp" time="0.0" classname="base.CommonAPI">
    <skipped/>
  </testcase> <!-- @AfterMethod cleanUp -->
  <testcase name="clickOnAccount" time="0.0" classname="testHomepage.AccountTest">
    <skipped/>
  </testcase> <!-- clickOnAccount -->
  <testcase name="createAnAccount" time="0.0" classname="testHomepage.AccountTest">
    <skipped/>
  </testcase> <!-- createAnAccount -->
</testsuite> <!-- Command line test -->
